<?xml version="1.0" encoding="UTF-8"?>
<!-- Generated by org.testng.reporters.JUnitReportReporter -->
<testsuite hostname="DESKTOP-KBHEFTS" failures="0" tests="1" name="com.selenium_demo.selenium_demo.Demo_Test_004Test" time="6.495" errors="0" timestamp="2022-09-30T08:48:00 IST" skipped="0">
  <testcase classname="com.selenium_demo.selenium_demo.Demo_Test_004Test" name="startTest" time="6.495"/>
  <system-out/>
</testsuite> <!-- com.selenium_demo.selenium_demo.Demo_Test_004Test -->
