<?xml version="1.0" encoding="UTF-8"?>
<!-- Generated by org.testng.reporters.JUnitReportReporter -->
<testsuite hostname="DESKTOP-KBHEFTS" failures="0" tests="1" name="com.selenium_demo.selenium_demo.FrameDemo" time="14.861" errors="0" timestamp="2022-10-11T10:44:52 IST" skipped="0">
  <testcase classname="com.selenium_demo.selenium_demo.FrameDemo" name="frameMethod" time="14.861"/>
  <system-out/>
</testsuite> <!-- com.selenium_demo.selenium_demo.FrameDemo -->
