<?xml version="1.0" encoding="UTF-8"?>
<!-- Generated by org.testng.reporters.JUnitReportReporter -->
<testsuite hostname="DESKTOP-KBHEFTS" failures="0" tests="1" name="com.selenium_demo.selenium_demo.Builder360Demo" time="59.649" errors="0" timestamp="2022-10-13T15:22:31 IST" skipped="0">
  <testcase classname="com.selenium_demo.selenium_demo.Builder360Demo" name="builderTest" time="59.649"/>
  <system-out/>
</testsuite> <!-- com.selenium_demo.selenium_demo.Builder360Demo -->
