<?xml version="1.0" encoding="UTF-8"?>
<!-- Generated by org.testng.reporters.JUnitReportReporter -->
<testsuite hostname="DESKTOP-KBHEFTS" failures="0" tests="1" name="com.selenium_demo.selenium_demo.Demo_TestngTestTest" time="10.798" errors="0" timestamp="2022-10-11T10:37:52 IST" skipped="0">
  <testcase classname="com.selenium_demo.selenium_demo.Demo_TestngTestTest" name="loginMethod" time="10.798"/>
  <system-out/>
</testsuite> <!-- com.selenium_demo.selenium_demo.Demo_TestngTestTest -->
